<?xml version="1.0" encoding="UTF-8"?>
<testsuite name="com.capitalone.dashboard.collector.DefaultHudsonClientTests" time="1.17" tests="20" errors="0" skipped="0" failures="0">
  <properties>
    <property name="java.runtime.name" value="Java(TM) SE Runtime Environment"/>
    <property name="sun.boot.library.path" value="/usr/java/jdk1.8.0_141/jre/lib/amd64"/>
    <property name="java.vm.version" value="25.141-b15"/>
    <property name="java.vm.vendor" value="Oracle Corporation"/>
    <property name="maven.multiModuleProjectDirectory" value="/vagrant/sw/Hygiea"/>
    <property name="java.vendor.url" value="http://java.oracle.com/"/>
    <property name="path.separator" value=":"/>
    <property name="guice.disable.misplaced.annotation.check" value="true"/>
    <property name="java.vm.name" value="Java HotSpot(TM) 64-Bit Server VM"/>
    <property name="file.encoding.pkg" value="sun.io"/>
    <property name="user.country" value="US"/>
    <property name="sun.java.launcher" value="SUN_STANDARD"/>
    <property name="sun.os.patch.level" value="unknown"/>
    <property name="java.vm.specification.name" value="Java Virtual Machine Specification"/>
    <property name="user.dir" value="/vagrant/sw/Hygiea"/>
    <property name="java.runtime.version" value="1.8.0_141-b15"/>
    <property name="java.awt.graphicsenv" value="sun.awt.X11GraphicsEnvironment"/>
    <property name="java.endorsed.dirs" value="/usr/java/jdk1.8.0_141/jre/lib/endorsed"/>
    <property name="os.arch" value="amd64"/>
    <property name="java.io.tmpdir" value="/tmp"/>
    <property name="line.separator" value="&#10;"/>
    <property name="java.vm.specification.vendor" value="Oracle Corporation"/>
    <property name="os.name" value="Linux"/>
    <property name="classworlds.conf" value="/vagrant/sw/apache-maven-3.5.0/bin/m2.conf"/>
    <property name="sun.jnu.encoding" value="ANSI_X3.4-1968"/>
    <property name="java.library.path" value="/usr/java/packages/lib/amd64:/usr/lib64:/lib64:/lib:/usr/lib"/>
    <property name="maven.conf" value="/vagrant/sw/apache-maven-3.5.0/conf"/>
    <property name="java.specification.name" value="Java Platform API Specification"/>
    <property name="java.class.version" value="52.0"/>
    <property name="sun.management.compiler" value="HotSpot 64-Bit Tiered Compilers"/>
    <property name="os.version" value="3.10.0-514.16.1.el7.x86_64"/>
    <property name="library.jansi.path" value="/vagrant/sw/apache-maven-3.5.0/lib/jansi-native/linux64"/>
    <property name="user.home" value="/home/vagrant"/>
    <property name="user.timezone" value="UTC"/>
    <property name="java.awt.printerjob" value="sun.print.PSPrinterJob"/>
    <property name="java.specification.version" value="1.8"/>
    <property name="file.encoding" value="ANSI_X3.4-1968"/>
    <property name="user.name" value="vagrant"/>
    <property name="java.class.path" value="/vagrant/sw/apache-maven-3.5.0/boot/plexus-classworlds-2.5.2.jar"/>
    <property name="java.vm.specification.version" value="1.8"/>
    <property name="sun.arch.data.model" value="64"/>
    <property name="java.home" value="/usr/java/jdk1.8.0_141/jre"/>
    <property name="sun.java.command" value="org.codehaus.plexus.classworlds.launcher.Launcher clean install package"/>
    <property name="java.specification.vendor" value="Oracle Corporation"/>
    <property name="user.language" value="en"/>
    <property name="awt.toolkit" value="sun.awt.X11.XToolkit"/>
    <property name="java.vm.info" value="mixed mode"/>
    <property name="java.version" value="1.8.0_141"/>
    <property name="java.ext.dirs" value="/usr/java/jdk1.8.0_141/jre/lib/ext:/usr/java/packages/lib/ext"/>
    <property name="securerandom.source" value="file:/dev/./urandom"/>
    <property name="sun.boot.class.path" value="/usr/java/jdk1.8.0_141/jre/lib/resources.jar:/usr/java/jdk1.8.0_141/jre/lib/rt.jar:/usr/java/jdk1.8.0_141/jre/lib/sunrsasign.jar:/usr/java/jdk1.8.0_141/jre/lib/jsse.jar:/usr/java/jdk1.8.0_141/jre/lib/jce.jar:/usr/java/jdk1.8.0_141/jre/lib/charsets.jar:/usr/java/jdk1.8.0_141/jre/lib/jfr.jar:/usr/java/jdk1.8.0_141/jre/classes"/>
    <property name="java.vendor" value="Oracle Corporation"/>
    <property name="maven.home" value="/vagrant/sw/apache-maven-3.5.0"/>
    <property name="file.separator" value="/"/>
    <property name="java.vendor.url.bug" value="http://bugreport.sun.com/bugreport/"/>
    <property name="sun.cpu.endian" value="little"/>
    <property name="sun.io.unicode.encoding" value="UnicodeLittle"/>
    <property name="sun.cpu.isalist" value=""/>
  </properties>
  <testcase name="buildDetails_withRepoBranch" classname="com.capitalone.dashboard.collector.DefaultHudsonClientTests" time="1.003"/>
  <testcase name="joinURLsTest" classname="com.capitalone.dashboard.collector.DefaultHudsonClientTests" time="0"/>
  <testcase name="buildDetails_withRepoNoRemoteUrl" classname="com.capitalone.dashboard.collector.DefaultHudsonClientTests" time="0"/>
  <testcase name="buildDetails_full" classname="com.capitalone.dashboard.collector.DefaultHudsonClientTests" time="0"/>
  <testcase name="buildDetails_withMultipleRepos" classname="com.capitalone.dashboard.collector.DefaultHudsonClientTests" time="0.052"/>
  <testcase name="buildDetails_withEmptyRemoteUrl" classname="com.capitalone.dashboard.collector.DefaultHudsonClientTests" time="0"/>
  <testcase name="verifyBasicAuth" classname="com.capitalone.dashboard.collector.DefaultHudsonClientTests" time="0.034"/>
  <testcase name="buildDetails_withRepoOriginBranch" classname="com.capitalone.dashboard.collector.DefaultHudsonClientTests" time="0"/>
  <testcase name="verifyAuthCredentials" classname="com.capitalone.dashboard.collector.DefaultHudsonClientTests" time="0.034"/>
  <testcase name="buildDetails_withMultipleSCM" classname="com.capitalone.dashboard.collector.DefaultHudsonClientTests" time="0"/>
  <testcase name="buildDetails_withRepoRefsRemotesBranch" classname="com.capitalone.dashboard.collector.DefaultHudsonClientTests" time="0"/>
  <testcase name="buildDetails_withRepoMultipleBranches" classname="com.capitalone.dashboard.collector.DefaultHudsonClientTests" time="0"/>
  <testcase name="rebuildURLTest" classname="com.capitalone.dashboard.collector.DefaultHudsonClientTests" time="0"/>
  <testcase name="verifyAuthCredentialsBySettings" classname="com.capitalone.dashboard.collector.DefaultHudsonClientTests" time="0"/>
  <testcase name="buildDetails_pipeline" classname="com.capitalone.dashboard.collector.DefaultHudsonClientTests" time="0.047"/>
  <testcase name="instanceJobs_emptyResponse_returnsEmptyMap" classname="com.capitalone.dashboard.collector.DefaultHudsonClientTests" time="0"/>
  <testcase name="verifyGetLogUrl" classname="com.capitalone.dashboard.collector.DefaultHudsonClientTests" time="0"/>
  <testcase name="buildDetails_withRepoRemotesBranch" classname="com.capitalone.dashboard.collector.DefaultHudsonClientTests" time="0"/>
  <testcase name="instanceJobs_multibranchPipeline" classname="com.capitalone.dashboard.collector.DefaultHudsonClientTests" time="0"/>
  <testcase name="instanceJobs_twoJobsTwoBuilds" classname="com.capitalone.dashboard.collector.DefaultHudsonClientTests" time="0"/>
</testsuite>